<?xml version="1.0" encoding="UTF-8"?>
<!-- Generated by org.testng.reporters.JUnitReportReporter -->
<testsuite hostname="MacBookProTC.fios-router.home" name="SmokeTest" tests="1" failures="0" timestamp="18 Jun 2020 03:09:01 GMT" time="2.175" errors="0">
  <testcase name="test" time="2.175" classname="SmokeTest"/>
</testsuite> <!-- SmokeTest -->
