<?xml version="1.0" encoding="UTF-8"?>
<!-- Generated by org.testng.reporters.JUnitReportReporter -->
<testsuite hostname="MacBookProTC.fios-router.home" name="RegressionTest" tests="1" failures="0" timestamp="18 Jun 2020 03:09:16 GMT" time="0.013" errors="0">
  <testcase name="test" time="0.013" classname="RegressionTest"/>
</testsuite> <!-- RegressionTest -->
